Copyright 1986-2020 Xilinx, Inc. All Rights Reserved.
--------------------------------------------------------------------------------------------------------------------------------------------------------------------------
| Tool Version : Vivado v.2020.2 (lin64) Build 3064766 Wed Nov 18 09:12:47 MST 2020
| Date         : Tue Oct  5 14:58:12 2021
| Host         : pcpl01 running 64-bit Scientific Linux release 7.9 (Nitrogen)
| Command      : report_utilization -hierarchical -file /export/tmp/luinaud/p4c/backends/p4fpga/vhdl_gen/../test/paper_res/resultsImpl_no_opt/T3/post_synth_util_hier.rpt
| Design       : top
| Device       : xcvu3pffvc1517-3
| Design State : Synthesized
--------------------------------------------------------------------------------------------------------------------------------------------------------------------------

Utilization Design Information

Table of Contents
-----------------
1. Utilization by Hierarchy

1. Utilization by Hierarchy
---------------------------

+--------------------------+------------------------+------------+------------+---------+------+------+--------+--------+------+------------+
|         Instance         |         Module         | Total LUTs | Logic LUTs | LUTRAMs | SRLs |  FFs | RAMB36 | RAMB18 | URAM | DSP Blocks |
+--------------------------+------------------------+------------+------------+---------+------+------+--------+--------+------+------------+
| top                      |                  (top) |       3147 |       3147 |       0 |    0 | 1430 |      0 |      7 |    0 |          0 |
|   (top)                  |                  (top) |        576 |        576 |       0 |    0 | 1034 |      0 |      0 |    0 |          0 |
|   dep                    |             MyDeparser |       2571 |       2571 |       0 |    0 |  396 |      0 |      7 |    0 |          0 |
|     (dep)                |             MyDeparser |         67 |         67 |       0 |    0 |  229 |      0 |      7 |    0 |          0 |
|     mux_0                |                    mux |        128 |        128 |       0 |    0 |    0 |      0 |      0 |    0 |          0 |
|     mux_1                |                  mux_0 |        128 |        128 |       0 |    0 |    0 |      0 |      0 |    0 |          0 |
|     mux_2                |    mux__parameterized0 |        121 |        121 |       0 |    0 |    0 |      0 |      0 |    0 |          0 |
|     mux_3                |  mux__parameterized0_1 |        121 |        121 |       0 |    0 |    0 |      0 |      0 |    0 |          0 |
|     mux_4                |    mux__parameterized1 |        120 |        120 |       0 |    0 |    0 |      0 |      0 |    0 |          0 |
|     mux_5                |  mux__parameterized1_2 |        120 |        120 |       0 |    0 |    0 |      0 |      0 |    0 |          0 |
|     mux_6                |  mux__parameterized1_3 |        120 |        120 |       0 |    0 |    0 |      0 |      0 |    0 |          0 |
|     mux_7                |  mux__parameterized1_4 |        120 |        120 |       0 |    0 |    0 |      0 |      0 |    0 |          0 |
|     payloadShifter_0     |        payload_shifter |         39 |         39 |       0 |    0 |    9 |      0 |      0 |    0 |          0 |
|       (payloadShifter_0) |        payload_shifter |         23 |         23 |       0 |    0 |    9 |      0 |      0 |    0 |          0 |
|       mux_data           | mux__parameterized2_18 |         16 |         16 |       0 |    0 |    0 |      0 |      0 |    0 |          0 |
|     payloadShifter_1     |      payload_shifter_5 |         39 |         39 |       0 |    0 |    9 |      0 |      0 |    0 |          0 |
|       (payloadShifter_1) |      payload_shifter_5 |         23 |         23 |       0 |    0 |    9 |      0 |      0 |    0 |          0 |
|       mux_data           | mux__parameterized2_17 |         16 |         16 |       0 |    0 |    0 |      0 |      0 |    0 |          0 |
|     payloadShifter_2     |      payload_shifter_6 |         31 |         31 |       0 |    0 |    9 |      0 |      0 |    0 |          0 |
|       (payloadShifter_2) |      payload_shifter_6 |         15 |         15 |       0 |    0 |    9 |      0 |      0 |    0 |          0 |
|       mux_data           | mux__parameterized2_16 |         16 |         16 |       0 |    0 |    0 |      0 |      0 |    0 |          0 |
|     payloadShifter_3     |      payload_shifter_7 |         31 |         31 |       0 |    0 |    9 |      0 |      0 |    0 |          0 |
|       (payloadShifter_3) |      payload_shifter_7 |         15 |         15 |       0 |    0 |    9 |      0 |      0 |    0 |          0 |
|       mux_data           | mux__parameterized2_15 |         16 |         16 |       0 |    0 |    0 |      0 |      0 |    0 |          0 |
|     payloadShifter_4     |      payload_shifter_8 |         39 |         39 |       0 |    0 |    9 |      0 |      0 |    0 |          0 |
|       (payloadShifter_4) |      payload_shifter_8 |         23 |         23 |       0 |    0 |    9 |      0 |      0 |    0 |          0 |
|       mux_data           | mux__parameterized2_14 |         16 |         16 |       0 |    0 |    0 |      0 |      0 |    0 |          0 |
|     payloadShifter_5     |      payload_shifter_9 |         39 |         39 |       0 |    0 |    9 |      0 |      0 |    0 |          0 |
|       (payloadShifter_5) |      payload_shifter_9 |         23 |         23 |       0 |    0 |    9 |      0 |      0 |    0 |          0 |
|       mux_data           | mux__parameterized2_13 |         16 |         16 |       0 |    0 |    0 |      0 |      0 |    0 |          0 |
|     payloadShifter_6     |     payload_shifter_10 |         39 |         39 |       0 |    0 |    9 |      0 |      0 |    0 |          0 |
|       (payloadShifter_6) |     payload_shifter_10 |         23 |         23 |       0 |    0 |    9 |      0 |      0 |    0 |          0 |
|       mux_data           | mux__parameterized2_12 |         16 |         16 |       0 |    0 |    0 |      0 |      0 |    0 |          0 |
|     payloadShifter_7     |     payload_shifter_11 |          8 |          8 |       0 |    0 |    0 |      0 |      0 |    0 |          0 |
|       mux_data           |    mux__parameterized2 |          8 |          8 |       0 |    0 |    0 |      0 |      0 |    0 |          0 |
|     stM_0                |        state_machine_0 |        148 |        148 |       0 |    0 |   13 |      0 |      0 |    0 |          0 |
|     stM_1                |        state_machine_1 |        161 |        161 |       0 |    0 |   13 |      0 |      0 |    0 |          0 |
|     stM_2                |        state_machine_2 |        157 |        157 |       0 |    0 |   13 |      0 |      0 |    0 |          0 |
|     stM_3                |        state_machine_3 |        170 |        170 |       0 |    0 |   13 |      0 |      0 |    0 |          0 |
|     stM_4                |        state_machine_4 |        154 |        154 |       0 |    0 |   13 |      0 |      0 |    0 |          0 |
|     stM_5                |        state_machine_5 |        166 |        166 |       0 |    0 |   13 |      0 |      0 |    0 |          0 |
|     stM_6                |        state_machine_6 |        147 |        147 |       0 |    0 |   13 |      0 |      0 |    0 |          0 |
|     stM_7                |        state_machine_7 |        158 |        158 |       0 |    0 |   13 |      0 |      0 |    0 |          0 |
|   eth_10G_i              |                eth_10G |          0 |          0 |       0 |    0 |    0 |      0 |      0 |    0 |          0 |
+--------------------------+------------------------+------------+------------+---------+------+------+--------+--------+------+------------+


