Copyright 1986-2020 Xilinx, Inc. All Rights Reserved.
-----------------------------------------------------------------------------------------------------------------------------------------------------------------------
| Tool Version : Vivado v.2020.2 (lin64) Build 3064766 Wed Nov 18 09:12:47 MST 2020
| Date         : Thu Oct  7 11:25:38 2021
| Host         : pcpl01 running 64-bit Scientific Linux release 7.9 (Nitrogen)
| Command      : report_utilization -hierarchical -file /export/tmp/luinaud/P4CompilerOptimizationTest/vivado_result/bus_256/not_optimized/T3/post_synth_util_hier.rpt
| Design       : top
| Device       : xcvu3pffvc1517-3
| Design State : Synthesized
-----------------------------------------------------------------------------------------------------------------------------------------------------------------------

Utilization Design Information

Table of Contents
-----------------
1. Utilization by Hierarchy

1. Utilization by Hierarchy
---------------------------

+-----------------------+------------------------+------------+------------+---------+------+------+--------+--------+------+------------+
|        Instance       |         Module         | Total LUTs | Logic LUTs | LUTRAMs | SRLs |  FFs | RAMB36 | RAMB18 | URAM | DSP Blocks |
+-----------------------+------------------------+------------+------------+---------+------+------+--------+--------+------+------------+
| top                   |                  (top) |       7399 |       7399 |       0 |    0 | 2868 |      0 |     32 |    0 |          0 |
|   (top)               |                  (top) |        756 |        756 |       0 |    0 | 1343 |      0 |      0 |    0 |          0 |
|   dep                 |             MyDeparser |       6643 |       6643 |       0 |    0 | 1525 |      0 |     32 |    0 |          0 |
|     (dep)             |             MyDeparser |        128 |        128 |       0 |    0 |  875 |      0 |     32 |    0 |          0 |
|     mux_0             |                    mux |         72 |         72 |       0 |    0 |    0 |      0 |      0 |    0 |          0 |
|     mux_1             |                  mux_0 |         72 |         72 |       0 |    0 |    0 |      0 |      0 |    0 |          0 |
|     mux_10            |                  mux_1 |         72 |         72 |       0 |    0 |    0 |      0 |      0 |    0 |          0 |
|     mux_11            |                  mux_2 |         72 |         72 |       0 |    0 |    0 |      0 |      0 |    0 |          0 |
|     mux_12            |    mux__parameterized2 |         72 |         72 |       0 |    0 |    0 |      0 |      0 |    0 |          0 |
|     mux_13            |  mux__parameterized2_3 |         72 |         72 |       0 |    0 |    0 |      0 |      0 |    0 |          0 |
|     mux_14            |                  mux_4 |         72 |         72 |       0 |    0 |    0 |      0 |      0 |    0 |          0 |
|     mux_15            |                  mux_5 |         72 |         72 |       0 |    0 |    0 |      0 |      0 |    0 |          0 |
|     mux_16            |  mux__parameterized2_6 |         72 |         72 |       0 |    0 |    0 |      0 |      0 |    0 |          0 |
|     mux_17            |  mux__parameterized2_7 |         72 |         72 |       0 |    0 |    0 |      0 |      0 |    0 |          0 |
|     mux_18            |    mux__parameterized3 |         32 |         32 |       0 |    0 |    0 |      0 |      0 |    0 |          0 |
|     mux_19            |  mux__parameterized3_8 |         32 |         32 |       0 |    0 |    0 |      0 |      0 |    0 |          0 |
|     mux_2             |    mux__parameterized0 |         82 |         82 |       0 |    0 |    0 |      0 |      0 |    0 |          0 |
|     mux_20            |                  mux_9 |         72 |         72 |       0 |    0 |    0 |      0 |      0 |    0 |          0 |
|     mux_21            |                 mux_10 |         72 |         72 |       0 |    0 |    0 |      0 |      0 |    0 |          0 |
|     mux_22            |                 mux_11 |         72 |         72 |       0 |    0 |    0 |      0 |      0 |    0 |          0 |
|     mux_23            |                 mux_12 |         72 |         72 |       0 |    0 |    0 |      0 |      0 |    0 |          0 |
|     mux_24            | mux__parameterized2_13 |         72 |         72 |       0 |    0 |    0 |      0 |      0 |    0 |          0 |
|     mux_25            | mux__parameterized2_14 |         72 |         72 |       0 |    0 |    0 |      0 |      0 |    0 |          0 |
|     mux_26            | mux__parameterized3_15 |         72 |         72 |       0 |    0 |    0 |      0 |      0 |    0 |          0 |
|     mux_27            | mux__parameterized3_16 |         72 |         72 |       0 |    0 |    0 |      0 |      0 |    0 |          0 |
|     mux_28            | mux__parameterized3_17 |         72 |         72 |       0 |    0 |    0 |      0 |      0 |    0 |          0 |
|     mux_29            | mux__parameterized3_18 |         72 |         72 |       0 |    0 |    0 |      0 |      0 |    0 |          0 |
|     mux_3             | mux__parameterized0_19 |         82 |         82 |       0 |    0 |    0 |      0 |      0 |    0 |          0 |
|     mux_30            |    mux__parameterized4 |         72 |         72 |       0 |    0 |    0 |      0 |      0 |    0 |          0 |
|     mux_31            | mux__parameterized4_20 |         72 |         72 |       0 |    0 |    0 |      0 |      0 |    0 |          0 |
|     mux_4             |    mux__parameterized1 |         80 |         80 |       0 |    0 |    0 |      0 |      0 |    0 |          0 |
|     mux_5             | mux__parameterized1_21 |         80 |         80 |       0 |    0 |    0 |      0 |      0 |    0 |          0 |
|     mux_6             |                 mux_22 |         72 |         72 |       0 |    0 |    0 |      0 |      0 |    0 |          0 |
|     mux_7             |                 mux_23 |         72 |         72 |       0 |    0 |    0 |      0 |      0 |    0 |          0 |
|     mux_8             |                 mux_24 |         72 |         72 |       0 |    0 |    0 |      0 |      0 |    0 |          0 |
|     mux_9             |                 mux_25 |         72 |         72 |       0 |    0 |    0 |      0 |      0 |    0 |          0 |
|     payloadShifter_0  |        payload_shifter |         84 |         84 |       0 |    0 |    9 |      0 |      0 |    0 |          0 |
|     payloadShifter_1  |     payload_shifter_26 |         84 |         84 |       0 |    0 |    9 |      0 |      0 |    0 |          0 |
|     payloadShifter_10 |     payload_shifter_27 |         84 |         84 |       0 |    0 |    9 |      0 |      0 |    0 |          0 |
|     payloadShifter_11 |     payload_shifter_28 |         84 |         84 |       0 |    0 |    9 |      0 |      0 |    0 |          0 |
|     payloadShifter_12 |     payload_shifter_29 |         84 |         84 |       0 |    0 |    9 |      0 |      0 |    0 |          0 |
|     payloadShifter_13 |     payload_shifter_30 |         84 |         84 |       0 |    0 |    9 |      0 |      0 |    0 |          0 |
|     payloadShifter_14 |     payload_shifter_31 |         84 |         84 |       0 |    0 |    9 |      0 |      0 |    0 |          0 |
|     payloadShifter_15 |     payload_shifter_32 |         84 |         84 |       0 |    0 |    9 |      0 |      0 |    0 |          0 |
|     payloadShifter_16 |     payload_shifter_33 |         84 |         84 |       0 |    0 |    9 |      0 |      0 |    0 |          0 |
|     payloadShifter_17 |     payload_shifter_34 |         84 |         84 |       0 |    0 |    9 |      0 |      0 |    0 |          0 |
|     payloadShifter_18 |     payload_shifter_35 |         84 |         84 |       0 |    0 |    9 |      0 |      0 |    0 |          0 |
|     payloadShifter_19 |     payload_shifter_36 |         84 |         84 |       0 |    0 |    9 |      0 |      0 |    0 |          0 |
|     payloadShifter_2  |     payload_shifter_37 |         84 |         84 |       0 |    0 |    9 |      0 |      0 |    0 |          0 |
|     payloadShifter_20 |     payload_shifter_38 |         84 |         84 |       0 |    0 |    9 |      0 |      0 |    0 |          0 |
|     payloadShifter_21 |     payload_shifter_39 |         84 |         84 |       0 |    0 |    9 |      0 |      0 |    0 |          0 |
|     payloadShifter_22 |     payload_shifter_40 |         84 |         84 |       0 |    0 |    9 |      0 |      0 |    0 |          0 |
|     payloadShifter_23 |     payload_shifter_41 |         84 |         84 |       0 |    0 |    9 |      0 |      0 |    0 |          0 |
|     payloadShifter_24 |     payload_shifter_42 |         84 |         84 |       0 |    0 |    9 |      0 |      0 |    0 |          0 |
|     payloadShifter_25 |     payload_shifter_43 |         84 |         84 |       0 |    0 |    9 |      0 |      0 |    0 |          0 |
|     payloadShifter_26 |     payload_shifter_44 |         84 |         84 |       0 |    0 |    9 |      0 |      0 |    0 |          0 |
|     payloadShifter_27 |     payload_shifter_45 |         84 |         84 |       0 |    0 |    9 |      0 |      0 |    0 |          0 |
|     payloadShifter_28 |     payload_shifter_46 |         84 |         84 |       0 |    0 |    9 |      0 |      0 |    0 |          0 |
|     payloadShifter_29 |     payload_shifter_47 |         84 |         84 |       0 |    0 |    9 |      0 |      0 |    0 |          0 |
|     payloadShifter_3  |     payload_shifter_48 |         84 |         84 |       0 |    0 |    9 |      0 |      0 |    0 |          0 |
|     payloadShifter_30 |     payload_shifter_49 |         84 |         84 |       0 |    0 |    9 |      0 |      0 |    0 |          0 |
|     payloadShifter_31 |     payload_shifter_50 |         88 |         88 |       0 |    0 |    9 |      0 |      0 |    0 |          0 |
|     payloadShifter_4  |     payload_shifter_51 |         84 |         84 |       0 |    0 |    9 |      0 |      0 |    0 |          0 |
|     payloadShifter_5  |     payload_shifter_52 |         84 |         84 |       0 |    0 |    9 |      0 |      0 |    0 |          0 |
|     payloadShifter_6  |     payload_shifter_53 |         84 |         84 |       0 |    0 |    9 |      0 |      0 |    0 |          0 |
|     payloadShifter_7  |     payload_shifter_54 |         84 |         84 |       0 |    0 |    9 |      0 |      0 |    0 |          0 |
|     payloadShifter_8  |     payload_shifter_55 |         84 |         84 |       0 |    0 |    9 |      0 |      0 |    0 |          0 |
|     payloadShifter_9  |     payload_shifter_56 |         84 |         84 |       0 |    0 |    9 |      0 |      0 |    0 |          0 |
|     stM_0             |        state_machine_0 |         77 |         77 |       0 |    0 |   12 |      0 |      0 |    0 |          0 |
|     stM_1             |        state_machine_1 |         71 |         71 |       0 |    0 |   12 |      0 |      0 |    0 |          0 |
|     stM_10            |       state_machine_10 |         69 |         69 |       0 |    0 |   11 |      0 |      0 |    0 |          0 |
|     stM_11            |       state_machine_11 |         73 |         73 |       0 |    0 |   11 |      0 |      0 |    0 |          0 |
|     stM_12            |       state_machine_12 |         56 |         56 |       0 |    0 |   11 |      0 |      0 |    0 |          0 |
|     stM_13            |       state_machine_13 |         55 |         55 |       0 |    0 |   11 |      0 |      0 |    0 |          0 |
|     stM_14            |       state_machine_14 |         38 |         38 |       0 |    0 |   11 |      0 |      0 |    0 |          0 |
|     stM_15            |       state_machine_15 |         38 |         38 |       0 |    0 |   11 |      0 |      0 |    0 |          0 |
|     stM_16            |       state_machine_16 |         39 |         39 |       0 |    0 |   11 |      0 |      0 |    0 |          0 |
|     stM_17            |       state_machine_17 |         39 |         39 |       0 |    0 |   11 |      0 |      0 |    0 |          0 |
|     stM_18            |       state_machine_18 |         39 |         39 |       0 |    0 |   10 |      0 |      0 |    0 |          0 |
|     stM_19            |       state_machine_19 |         42 |         42 |       0 |    0 |   10 |      0 |      0 |    0 |          0 |
|     stM_2             |        state_machine_2 |         49 |         49 |       0 |    0 |   13 |      0 |      0 |    0 |          0 |
|     stM_20            |       state_machine_20 |         37 |         37 |       0 |    0 |   11 |      0 |      0 |    0 |          0 |
|     stM_21            |       state_machine_21 |         41 |         41 |       0 |    0 |   11 |      0 |      0 |    0 |          0 |
|     stM_22            |       state_machine_22 |         47 |         47 |       0 |    0 |   11 |      0 |      0 |    0 |          0 |
|     stM_23            |       state_machine_23 |         50 |         50 |       0 |    0 |   11 |      0 |      0 |    0 |          0 |
|     stM_24            |       state_machine_24 |         45 |         45 |       0 |    0 |   11 |      0 |      0 |    0 |          0 |
|     stM_25            |       state_machine_25 |         43 |         43 |       0 |    0 |   11 |      0 |      0 |    0 |          0 |
|     stM_26            |       state_machine_26 |         39 |         39 |       0 |    0 |   11 |      0 |      0 |    0 |          0 |
|     stM_27            |       state_machine_27 |         42 |         42 |       0 |    0 |   11 |      0 |      0 |    0 |          0 |
|     stM_28            |       state_machine_28 |         44 |         44 |       0 |    0 |   11 |      0 |      0 |    0 |          0 |
|     stM_29            |       state_machine_29 |         44 |         44 |       0 |    0 |   11 |      0 |      0 |    0 |          0 |
|     stM_3             |        state_machine_3 |         55 |         55 |       0 |    0 |   13 |      0 |      0 |    0 |          0 |
|     stM_30            |       state_machine_30 |         42 |         42 |       0 |    0 |   11 |      0 |      0 |    0 |          0 |
|     stM_31            |       state_machine_31 |         40 |         40 |       0 |    0 |   11 |      0 |      0 |    0 |          0 |
|     stM_4             |        state_machine_4 |         57 |         57 |       0 |    0 |   13 |      0 |      0 |    0 |          0 |
|     stM_5             |        state_machine_5 |         58 |         58 |       0 |    0 |   13 |      0 |      0 |    0 |          0 |
|     stM_6             |        state_machine_6 |         54 |         54 |       0 |    0 |   12 |      0 |      0 |    0 |          0 |
|     stM_7             |        state_machine_7 |         48 |         48 |       0 |    0 |   12 |      0 |      0 |    0 |          0 |
|     stM_8             |        state_machine_8 |         45 |         45 |       0 |    0 |   11 |      0 |      0 |    0 |          0 |
|     stM_9             |        state_machine_9 |         47 |         47 |       0 |    0 |   11 |      0 |      0 |    0 |          0 |
|   eth_10G_i           |                eth_10G |          0 |          0 |       0 |    0 |    0 |      0 |      0 |    0 |          0 |
+-----------------------+------------------------+------------+------------+---------+------+------+--------+--------+------+------------+


