Copyright 1986-2020 Xilinx, Inc. All Rights Reserved.
-----------------------------------------------------------------------------------------------------------------------------------------------------------------------
| Tool Version : Vivado v.2020.2 (lin64) Build 3064766 Wed Nov 18 09:12:47 MST 2020
| Date         : Thu Oct  7 10:58:08 2021
| Host         : pcpl01 running 64-bit Scientific Linux release 7.9 (Nitrogen)
| Command      : report_utilization -hierarchical -file /export/tmp/luinaud/P4CompilerOptimizationTest/vivado_result/bus_256/not_optimized/T2/post_synth_util_hier.rpt
| Design       : top
| Device       : xcvu3pffvc1517-3
| Design State : Synthesized
-----------------------------------------------------------------------------------------------------------------------------------------------------------------------

Utilization Design Information

Table of Contents
-----------------
1. Utilization by Hierarchy

1. Utilization by Hierarchy
---------------------------

+-----------------------+------------------------+------------+------------+---------+------+------+--------+--------+------+------------+
|        Instance       |         Module         | Total LUTs | Logic LUTs | LUTRAMs | SRLs |  FFs | RAMB36 | RAMB18 | URAM | DSP Blocks |
+-----------------------+------------------------+------------+------------+---------+------+------+--------+--------+------+------------+
| top                   |                  (top) |       4261 |       4261 |       0 |    0 | 2772 |      0 |      0 |    0 |          0 |
|   (top)               |                  (top) |        253 |        253 |       0 |    0 | 1210 |      0 |      0 |    0 |          0 |
|   dep                 |             MyDeparser |       4008 |       4008 |       0 |    0 | 1562 |      0 |      0 |    0 |          0 |
|     (dep)             |             MyDeparser |        315 |        315 |       0 |    0 |  972 |      0 |      0 |    0 |          0 |
|     mux_0             |                    mux |         56 |         56 |       0 |    0 |    0 |      0 |      0 |    0 |          0 |
|     mux_1             |                  mux_0 |         56 |         56 |       0 |    0 |    0 |      0 |      0 |    0 |          0 |
|     mux_10            |                  mux_1 |         56 |         56 |       0 |    0 |    0 |      0 |      0 |    0 |          0 |
|     mux_11            |                  mux_2 |         56 |         56 |       0 |    0 |    0 |      0 |      0 |    0 |          0 |
|     mux_12            |    mux__parameterized2 |         56 |         56 |       0 |    0 |    0 |      0 |      0 |    0 |          0 |
|     mux_13            |  mux__parameterized2_3 |         56 |         56 |       0 |    0 |    0 |      0 |      0 |    0 |          0 |
|     mux_14            |                  mux_4 |         32 |         32 |       0 |    0 |    0 |      0 |      0 |    0 |          0 |
|     mux_15            |                  mux_5 |         32 |         32 |       0 |    0 |    0 |      0 |      0 |    0 |          0 |
|     mux_16            |  mux__parameterized2_6 |         32 |         32 |       0 |    0 |    0 |      0 |      0 |    0 |          0 |
|     mux_17            |  mux__parameterized2_7 |         32 |         32 |       0 |    0 |    0 |      0 |      0 |    0 |          0 |
|     mux_18            |    mux__parameterized3 |         32 |         32 |       0 |    0 |    0 |      0 |      0 |    0 |          0 |
|     mux_19            |  mux__parameterized3_8 |         32 |         32 |       0 |    0 |    0 |      0 |      0 |    0 |          0 |
|     mux_2             |    mux__parameterized0 |         64 |         64 |       0 |    0 |    0 |      0 |      0 |    0 |          0 |
|     mux_20            |                  mux_9 |         56 |         56 |       0 |    0 |    0 |      0 |      0 |    0 |          0 |
|     mux_21            |                 mux_10 |         56 |         56 |       0 |    0 |    0 |      0 |      0 |    0 |          0 |
|     mux_22            |                 mux_11 |         56 |         56 |       0 |    0 |    0 |      0 |      0 |    0 |          0 |
|     mux_23            |                 mux_12 |         56 |         56 |       0 |    0 |    0 |      0 |      0 |    0 |          0 |
|     mux_24            | mux__parameterized2_13 |         56 |         56 |       0 |    0 |    0 |      0 |      0 |    0 |          0 |
|     mux_25            | mux__parameterized2_14 |         56 |         56 |       0 |    0 |    0 |      0 |      0 |    0 |          0 |
|     mux_26            | mux__parameterized3_15 |         32 |         32 |       0 |    0 |    0 |      0 |      0 |    0 |          0 |
|     mux_27            | mux__parameterized3_16 |         32 |         32 |       0 |    0 |    0 |      0 |      0 |    0 |          0 |
|     mux_28            | mux__parameterized3_17 |         32 |         32 |       0 |    0 |    0 |      0 |      0 |    0 |          0 |
|     mux_29            | mux__parameterized3_18 |         32 |         32 |       0 |    0 |    0 |      0 |      0 |    0 |          0 |
|     mux_3             | mux__parameterized0_19 |         64 |         64 |       0 |    0 |    0 |      0 |      0 |    0 |          0 |
|     mux_30            |    mux__parameterized4 |         32 |         32 |       0 |    0 |    0 |      0 |      0 |    0 |          0 |
|     mux_31            | mux__parameterized4_20 |         32 |         32 |       0 |    0 |    0 |      0 |      0 |    0 |          0 |
|     mux_4             |    mux__parameterized1 |         64 |         64 |       0 |    0 |    0 |      0 |      0 |    0 |          0 |
|     mux_5             | mux__parameterized1_21 |         64 |         64 |       0 |    0 |    0 |      0 |      0 |    0 |          0 |
|     mux_6             |                 mux_22 |         56 |         56 |       0 |    0 |    0 |      0 |      0 |    0 |          0 |
|     mux_7             |                 mux_23 |         56 |         56 |       0 |    0 |    0 |      0 |      0 |    0 |          0 |
|     mux_8             |                 mux_24 |         56 |         56 |       0 |    0 |    0 |      0 |      0 |    0 |          0 |
|     mux_9             |                 mux_25 |         56 |         56 |       0 |    0 |    0 |      0 |      0 |    0 |          0 |
|     payloadShifter_0  |        payload_shifter |         18 |         18 |       0 |    0 |    9 |      0 |      0 |    0 |          0 |
|     payloadShifter_1  |     payload_shifter_26 |         42 |         42 |       0 |    0 |    9 |      0 |      0 |    0 |          0 |
|     payloadShifter_10 |     payload_shifter_27 |         42 |         42 |       0 |    0 |    9 |      0 |      0 |    0 |          0 |
|     payloadShifter_11 |     payload_shifter_28 |         18 |         18 |       0 |    0 |    9 |      0 |      0 |    0 |          0 |
|     payloadShifter_12 |     payload_shifter_29 |         18 |         18 |       0 |    0 |    9 |      0 |      0 |    0 |          0 |
|     payloadShifter_13 |     payload_shifter_30 |         42 |         42 |       0 |    0 |    9 |      0 |      0 |    0 |          0 |
|     payloadShifter_14 |     payload_shifter_31 |         98 |         98 |       0 |    0 |    9 |      0 |      0 |    0 |          0 |
|     payloadShifter_15 |     payload_shifter_32 |         98 |         98 |       0 |    0 |    9 |      0 |      0 |    0 |          0 |
|     payloadShifter_16 |     payload_shifter_33 |         50 |         50 |       0 |    0 |    9 |      0 |      0 |    0 |          0 |
|     payloadShifter_17 |     payload_shifter_34 |         42 |         42 |       0 |    0 |    9 |      0 |      0 |    0 |          0 |
|     payloadShifter_18 |     payload_shifter_35 |         42 |         42 |       0 |    0 |    9 |      0 |      0 |    0 |          0 |
|     payloadShifter_19 |     payload_shifter_36 |         42 |         42 |       0 |    0 |    9 |      0 |      0 |    0 |          0 |
|     payloadShifter_2  |     payload_shifter_37 |         42 |         42 |       0 |    0 |    9 |      0 |      0 |    0 |          0 |
|     payloadShifter_20 |     payload_shifter_38 |         50 |         50 |       0 |    0 |    9 |      0 |      0 |    0 |          0 |
|     payloadShifter_21 |     payload_shifter_39 |         42 |         42 |       0 |    0 |    9 |      0 |      0 |    0 |          0 |
|     payloadShifter_22 |     payload_shifter_40 |         50 |         50 |       0 |    0 |    9 |      0 |      0 |    0 |          0 |
|     payloadShifter_23 |     payload_shifter_41 |         42 |         42 |       0 |    0 |    9 |      0 |      0 |    0 |          0 |
|     payloadShifter_24 |     payload_shifter_42 |         42 |         42 |       0 |    0 |    9 |      0 |      0 |    0 |          0 |
|     payloadShifter_25 |     payload_shifter_43 |         50 |         50 |       0 |    0 |    9 |      0 |      0 |    0 |          0 |
|     payloadShifter_26 |     payload_shifter_44 |         44 |         44 |       0 |    0 |    9 |      0 |      0 |    0 |          0 |
|     payloadShifter_27 |     payload_shifter_45 |         52 |         52 |       0 |    0 |    9 |      0 |      0 |    0 |          0 |
|     payloadShifter_28 |     payload_shifter_46 |         52 |         52 |       0 |    0 |    9 |      0 |      0 |    0 |          0 |
|     payloadShifter_29 |     payload_shifter_47 |         44 |         44 |       0 |    0 |    9 |      0 |      0 |    0 |          0 |
|     payloadShifter_3  |     payload_shifter_48 |         18 |         18 |       0 |    0 |    9 |      0 |      0 |    0 |          0 |
|     payloadShifter_4  |     payload_shifter_49 |         18 |         18 |       0 |    0 |    9 |      0 |      0 |    0 |          0 |
|     payloadShifter_5  |     payload_shifter_50 |         42 |         42 |       0 |    0 |    9 |      0 |      0 |    0 |          0 |
|     payloadShifter_6  |     payload_shifter_51 |         18 |         18 |       0 |    0 |    9 |      0 |      0 |    0 |          0 |
|     payloadShifter_7  |     payload_shifter_52 |         42 |         42 |       0 |    0 |    9 |      0 |      0 |    0 |          0 |
|     payloadShifter_8  |     payload_shifter_53 |         42 |         42 |       0 |    0 |    9 |      0 |      0 |    0 |          0 |
|     payloadShifter_9  |     payload_shifter_54 |         18 |         18 |       0 |    0 |    9 |      0 |      0 |    0 |          0 |
|     stM_0             |        state_machine_0 |         42 |         42 |       0 |    0 |   11 |      0 |      0 |    0 |          0 |
|     stM_1             |        state_machine_1 |         43 |         43 |       0 |    0 |   11 |      0 |      0 |    0 |          0 |
|     stM_10            |       state_machine_10 |         39 |         39 |       0 |    0 |   11 |      0 |      0 |    0 |          0 |
|     stM_11            |       state_machine_11 |         39 |         39 |       0 |    0 |   11 |      0 |      0 |    0 |          0 |
|     stM_12            |       state_machine_12 |         36 |         36 |       0 |    0 |   11 |      0 |      0 |    0 |          0 |
|     stM_13            |       state_machine_13 |         37 |         37 |       0 |    0 |   11 |      0 |      0 |    0 |          0 |
|     stM_14            |       state_machine_14 |         21 |         21 |       0 |    0 |    9 |      0 |      0 |    0 |          0 |
|     stM_15            |       state_machine_15 |         21 |         21 |       0 |    0 |    9 |      0 |      0 |    0 |          0 |
|     stM_16            |       state_machine_16 |         22 |         22 |       0 |    0 |    9 |      0 |      0 |    0 |          0 |
|     stM_17            |       state_machine_17 |         23 |         23 |       0 |    0 |    9 |      0 |      0 |    0 |          0 |
|     stM_18            |       state_machine_18 |         17 |         17 |       0 |    0 |    9 |      0 |      0 |    0 |          0 |
|     stM_19            |       state_machine_19 |         19 |         19 |       0 |    0 |    9 |      0 |      0 |    0 |          0 |
|     stM_2             |        state_machine_2 |         42 |         42 |       0 |    0 |   11 |      0 |      0 |    0 |          0 |
|     stM_20            |       state_machine_20 |         22 |         22 |       0 |    0 |   10 |      0 |      0 |    0 |          0 |
|     stM_21            |       state_machine_21 |         23 |         23 |       0 |    0 |   10 |      0 |      0 |    0 |          0 |
|     stM_22            |       state_machine_22 |         26 |         26 |       0 |    0 |   10 |      0 |      0 |    0 |          0 |
|     stM_23            |       state_machine_23 |         26 |         26 |       0 |    0 |   10 |      0 |      0 |    0 |          0 |
|     stM_24            |       state_machine_24 |         26 |         26 |       0 |    0 |   10 |      0 |      0 |    0 |          0 |
|     stM_25            |       state_machine_25 |         27 |         27 |       0 |    0 |   10 |      0 |      0 |    0 |          0 |
|     stM_26            |       state_machine_26 |         21 |         21 |       0 |    0 |    9 |      0 |      0 |    0 |          0 |
|     stM_27            |       state_machine_27 |         22 |         22 |       0 |    0 |    9 |      0 |      0 |    0 |          0 |
|     stM_28            |       state_machine_28 |         19 |         19 |       0 |    0 |    9 |      0 |      0 |    0 |          0 |
|     stM_29            |       state_machine_29 |         20 |         20 |       0 |    0 |    9 |      0 |      0 |    0 |          0 |
|     stM_3             |        state_machine_3 |         43 |         43 |       0 |    0 |   11 |      0 |      0 |    0 |          0 |
|     stM_30            |       state_machine_30 |         15 |         15 |       0 |    0 |    9 |      0 |      0 |    0 |          0 |
|     stM_31            |       state_machine_31 |         17 |         17 |       0 |    0 |    9 |      0 |      0 |    0 |          0 |
|     stM_4             |        state_machine_4 |         33 |         33 |       0 |    0 |   11 |      0 |      0 |    0 |          0 |
|     stM_5             |        state_machine_5 |         37 |         37 |       0 |    0 |   11 |      0 |      0 |    0 |          0 |
|     stM_6             |        state_machine_6 |         20 |         20 |       0 |    0 |   10 |      0 |      0 |    0 |          0 |
|     stM_7             |        state_machine_7 |         21 |         21 |       0 |    0 |   10 |      0 |      0 |    0 |          0 |
|     stM_8             |        state_machine_8 |         39 |         39 |       0 |    0 |   11 |      0 |      0 |    0 |          0 |
|     stM_9             |        state_machine_9 |         39 |         39 |       0 |    0 |   11 |      0 |      0 |    0 |          0 |
|   eth_10G_i           |                eth_10G |          0 |          0 |       0 |    0 |    0 |      0 |      0 |    0 |          0 |
+-----------------------+------------------------+------------+------------+---------+------+------+--------+--------+------+------------+


