Copyright 1986-2020 Xilinx, Inc. All Rights Reserved.
--------------------------------------------------------------------------------------------------------------------------------------------------------------------------
| Tool Version : Vivado v.2020.2 (lin64) Build 3064766 Wed Nov 18 09:12:47 MST 2020
| Date         : Tue Oct  5 14:43:28 2021
| Host         : pcpl01 running 64-bit Scientific Linux release 7.9 (Nitrogen)
| Command      : report_utilization -hierarchical -file /export/tmp/luinaud/p4c/backends/p4fpga/vhdl_gen/../test/paper_res/resultsImpl_no_opt/T2/post_synth_util_hier.rpt
| Design       : top
| Device       : xcvu3pffvc1517-3
| Design State : Synthesized
--------------------------------------------------------------------------------------------------------------------------------------------------------------------------

Utilization Design Information

Table of Contents
-----------------
1. Utilization by Hierarchy

1. Utilization by Hierarchy
---------------------------

+--------------------------+------------------------+------------+------------+---------+------+------+--------+--------+------+------------+
|         Instance         |         Module         | Total LUTs | Logic LUTs | LUTRAMs | SRLs |  FFs | RAMB36 | RAMB18 | URAM | DSP Blocks |
+--------------------------+------------------------+------------+------------+---------+------+------+--------+--------+------+------------+
| top                      |                  (top) |       1814 |       1814 |       0 |    0 | 1299 |      0 |      0 |    0 |          0 |
|   (top)                  |                  (top) |         71 |         71 |       0 |    0 |  906 |      0 |      0 |    0 |          0 |
|   dep                    |             MyDeparser |       1743 |       1743 |       0 |    0 |  393 |      0 |      0 |    0 |          0 |
|     (dep)                |             MyDeparser |         33 |         33 |       0 |    0 |  235 |      0 |      0 |    0 |          0 |
|     mux_0                |                    mux |        104 |        104 |       0 |    0 |    0 |      0 |      0 |    0 |          0 |
|     mux_1                |                  mux_0 |        104 |        104 |       0 |    0 |    0 |      0 |      0 |    0 |          0 |
|     mux_2                |    mux__parameterized0 |        104 |        104 |       0 |    0 |    0 |      0 |      0 |    0 |          0 |
|     mux_3                |  mux__parameterized0_1 |        104 |        104 |       0 |    0 |    0 |      0 |      0 |    0 |          0 |
|     mux_4                |    mux__parameterized1 |        104 |        104 |       0 |    0 |    0 |      0 |      0 |    0 |          0 |
|     mux_5                |  mux__parameterized1_2 |        104 |        104 |       0 |    0 |    0 |      0 |      0 |    0 |          0 |
|     mux_6                |  mux__parameterized1_3 |        104 |        104 |       0 |    0 |    0 |      0 |      0 |    0 |          0 |
|     mux_7                |  mux__parameterized1_4 |        104 |        104 |       0 |    0 |    0 |      0 |      0 |    0 |          0 |
|     payloadShifter_0     |        payload_shifter |         18 |         18 |       0 |    0 |    9 |      0 |      0 |    0 |          0 |
|       (payloadShifter_0) |        payload_shifter |         10 |         10 |       0 |    0 |    9 |      0 |      0 |    0 |          0 |
|       mux_data           | mux__parameterized2_18 |          8 |          8 |       0 |    0 |    0 |      0 |      0 |    0 |          0 |
|     payloadShifter_1     |      payload_shifter_5 |         18 |         18 |       0 |    0 |    9 |      0 |      0 |    0 |          0 |
|       (payloadShifter_1) |      payload_shifter_5 |         10 |         10 |       0 |    0 |    9 |      0 |      0 |    0 |          0 |
|       mux_data           | mux__parameterized2_17 |          8 |          8 |       0 |    0 |    0 |      0 |      0 |    0 |          0 |
|     payloadShifter_2     |      payload_shifter_6 |         19 |         19 |       0 |    0 |    9 |      0 |      0 |    0 |          0 |
|       (payloadShifter_2) |      payload_shifter_6 |         11 |         11 |       0 |    0 |    9 |      0 |      0 |    0 |          0 |
|       mux_data           | mux__parameterized2_16 |          8 |          8 |       0 |    0 |    0 |      0 |      0 |    0 |          0 |
|     payloadShifter_3     |      payload_shifter_7 |         19 |         19 |       0 |    0 |    9 |      0 |      0 |    0 |          0 |
|       (payloadShifter_3) |      payload_shifter_7 |         11 |         11 |       0 |    0 |    9 |      0 |      0 |    0 |          0 |
|       mux_data           | mux__parameterized2_15 |          8 |          8 |       0 |    0 |    0 |      0 |      0 |    0 |          0 |
|     payloadShifter_4     |      payload_shifter_8 |         18 |         18 |       0 |    0 |    9 |      0 |      0 |    0 |          0 |
|       (payloadShifter_4) |      payload_shifter_8 |         10 |         10 |       0 |    0 |    9 |      0 |      0 |    0 |          0 |
|       mux_data           | mux__parameterized2_14 |          8 |          8 |       0 |    0 |    0 |      0 |      0 |    0 |          0 |
|     payloadShifter_5     |      payload_shifter_9 |         19 |         19 |       0 |    0 |    9 |      0 |      0 |    0 |          0 |
|       (payloadShifter_5) |      payload_shifter_9 |         11 |         11 |       0 |    0 |    9 |      0 |      0 |    0 |          0 |
|       mux_data           | mux__parameterized2_13 |          8 |          8 |       0 |    0 |    0 |      0 |      0 |    0 |          0 |
|     payloadShifter_6     |     payload_shifter_10 |          8 |          8 |       0 |    0 |    0 |      0 |      0 |    0 |          0 |
|       mux_data           | mux__parameterized2_12 |          8 |          8 |       0 |    0 |    0 |      0 |      0 |    0 |          0 |
|     payloadShifter_7     |     payload_shifter_11 |          8 |          8 |       0 |    0 |    0 |      0 |      0 |    0 |          0 |
|       mux_data           |    mux__parameterized2 |          8 |          8 |       0 |    0 |    0 |      0 |      0 |    0 |          0 |
|     stM_0                |        state_machine_0 |         88 |         88 |       0 |    0 |   13 |      0 |      0 |    0 |          0 |
|     stM_1                |        state_machine_1 |         92 |         92 |       0 |    0 |   13 |      0 |      0 |    0 |          0 |
|     stM_2                |        state_machine_2 |        100 |        100 |       0 |    0 |   13 |      0 |      0 |    0 |          0 |
|     stM_3                |        state_machine_3 |        104 |        104 |       0 |    0 |   13 |      0 |      0 |    0 |          0 |
|     stM_4                |        state_machine_4 |         91 |         91 |       0 |    0 |   13 |      0 |      0 |    0 |          0 |
|     stM_5                |        state_machine_5 |         92 |         92 |       0 |    0 |   13 |      0 |      0 |    0 |          0 |
|     stM_6                |        state_machine_6 |         91 |         91 |       0 |    0 |   13 |      0 |      0 |    0 |          0 |
|     stM_7                |        state_machine_7 |         93 |         93 |       0 |    0 |   13 |      0 |      0 |    0 |          0 |
|   eth_10G_i              |                eth_10G |          0 |          0 |       0 |    0 |    0 |      0 |      0 |    0 |          0 |
+--------------------------+------------------------+------------+------------+---------+------+------+--------+--------+------+------------+


