Copyright 1986-2020 Xilinx, Inc. All Rights Reserved.
-----------------------------------------------------------------------------------------------------------------------------------------------------------------------
| Tool Version : Vivado v.2020.2 (lin64) Build 3064766 Wed Nov 18 09:12:47 MST 2020
| Date         : Thu Oct  7 11:05:40 2021
| Host         : pcpl01 running 64-bit Scientific Linux release 7.9 (Nitrogen)
| Command      : report_utilization -hierarchical -file /export/tmp/luinaud/P4CompilerOptimizationTest/vivado_result/bus_256/not_optimized/T4/post_synth_util_hier.rpt
| Design       : top
| Device       : xcvu3pffvc1517-3
| Design State : Synthesized
-----------------------------------------------------------------------------------------------------------------------------------------------------------------------

Utilization Design Information

Table of Contents
-----------------
1. Utilization by Hierarchy

1. Utilization by Hierarchy
---------------------------

+-----------------------+------------------------+------------+------------+---------+------+------+--------+--------+------+------------+
|        Instance       |         Module         | Total LUTs | Logic LUTs | LUTRAMs | SRLs |  FFs | RAMB36 | RAMB18 | URAM | DSP Blocks |
+-----------------------+------------------------+------------+------------+---------+------+------+--------+--------+------+------------+
| top                   |                  (top) |       7420 |       7420 |       0 |    0 | 2861 |      0 |     32 |    0 |          0 |
|   (top)               |                  (top) |        254 |        254 |       0 |    0 | 1338 |      0 |      0 |    0 |          0 |
|   dep                 |             MyDeparser |       7166 |       7166 |       0 |    0 | 1523 |      0 |     32 |    0 |          0 |
|     (dep)             |             MyDeparser |        132 |        132 |       0 |    0 |  875 |      0 |     32 |    0 |          0 |
|     mux_0             |                    mux |        112 |        112 |       0 |    0 |    0 |      0 |      0 |    0 |          0 |
|     mux_1             |                  mux_0 |        112 |        112 |       0 |    0 |    0 |      0 |      0 |    0 |          0 |
|     mux_10            |    mux__parameterized3 |        104 |        104 |       0 |    0 |    0 |      0 |      0 |    0 |          0 |
|     mux_11            |  mux__parameterized3_1 |        104 |        104 |       0 |    0 |    0 |      0 |      0 |    0 |          0 |
|     mux_12            |    mux__parameterized4 |         96 |         96 |       0 |    0 |    0 |      0 |      0 |    0 |          0 |
|     mux_13            |  mux__parameterized4_2 |         96 |         96 |       0 |    0 |    0 |      0 |      0 |    0 |          0 |
|     mux_14            |    mux__parameterized0 |         72 |         72 |       0 |    0 |    0 |      0 |      0 |    0 |          0 |
|     mux_15            |  mux__parameterized0_3 |         72 |         72 |       0 |    0 |    0 |      0 |      0 |    0 |          0 |
|     mux_16            |  mux__parameterized0_4 |         72 |         72 |       0 |    0 |    0 |      0 |      0 |    0 |          0 |
|     mux_17            |  mux__parameterized0_5 |         72 |         72 |       0 |    0 |    0 |      0 |      0 |    0 |          0 |
|     mux_18            |  mux__parameterized0_6 |         72 |         72 |       0 |    0 |    0 |      0 |      0 |    0 |          0 |
|     mux_19            |  mux__parameterized0_7 |         72 |         72 |       0 |    0 |    0 |      0 |      0 |    0 |          0 |
|     mux_2             |  mux__parameterized0_8 |        104 |        104 |       0 |    0 |    0 |      0 |      0 |    0 |          0 |
|     mux_20            |    mux__parameterized1 |         72 |         72 |       0 |    0 |    0 |      0 |      0 |    0 |          0 |
|     mux_21            |  mux__parameterized1_9 |         72 |         72 |       0 |    0 |    0 |      0 |      0 |    0 |          0 |
|     mux_22            |    mux__parameterized2 |         72 |         72 |       0 |    0 |    0 |      0 |      0 |    0 |          0 |
|     mux_23            | mux__parameterized2_10 |         72 |         72 |       0 |    0 |    0 |      0 |      0 |    0 |          0 |
|     mux_24            | mux__parameterized3_11 |         72 |         72 |       0 |    0 |    0 |      0 |      0 |    0 |          0 |
|     mux_25            | mux__parameterized3_12 |         72 |         72 |       0 |    0 |    0 |      0 |      0 |    0 |          0 |
|     mux_26            | mux__parameterized4_13 |         32 |         32 |       0 |    0 |    0 |      0 |      0 |    0 |          0 |
|     mux_27            | mux__parameterized4_14 |         32 |         32 |       0 |    0 |    0 |      0 |      0 |    0 |          0 |
|     mux_28            |    mux__parameterized5 |         32 |         32 |       0 |    0 |    0 |      0 |      0 |    0 |          0 |
|     mux_29            | mux__parameterized5_15 |         32 |         32 |       0 |    0 |    0 |      0 |      0 |    0 |          0 |
|     mux_3             | mux__parameterized0_16 |        104 |        104 |       0 |    0 |    0 |      0 |      0 |    0 |          0 |
|     mux_30            | mux__parameterized5_17 |         32 |         32 |       0 |    0 |    0 |      0 |      0 |    0 |          0 |
|     mux_31            | mux__parameterized5_18 |         32 |         32 |       0 |    0 |    0 |      0 |      0 |    0 |          0 |
|     mux_4             | mux__parameterized0_19 |        104 |        104 |       0 |    0 |    0 |      0 |      0 |    0 |          0 |
|     mux_5             | mux__parameterized0_20 |        104 |        104 |       0 |    0 |    0 |      0 |      0 |    0 |          0 |
|     mux_6             | mux__parameterized1_21 |        104 |        104 |       0 |    0 |    0 |      0 |      0 |    0 |          0 |
|     mux_7             | mux__parameterized1_22 |        104 |        104 |       0 |    0 |    0 |      0 |      0 |    0 |          0 |
|     mux_8             | mux__parameterized2_23 |        104 |        104 |       0 |    0 |    0 |      0 |      0 |    0 |          0 |
|     mux_9             | mux__parameterized2_24 |        104 |        104 |       0 |    0 |    0 |      0 |      0 |    0 |          0 |
|     payloadShifter_0  |        payload_shifter |         84 |         84 |       0 |    0 |    9 |      0 |      0 |    0 |          0 |
|     payloadShifter_1  |     payload_shifter_25 |         84 |         84 |       0 |    0 |    9 |      0 |      0 |    0 |          0 |
|     payloadShifter_10 |     payload_shifter_26 |         84 |         84 |       0 |    0 |    9 |      0 |      0 |    0 |          0 |
|     payloadShifter_11 |     payload_shifter_27 |         84 |         84 |       0 |    0 |    9 |      0 |      0 |    0 |          0 |
|     payloadShifter_12 |     payload_shifter_28 |         84 |         84 |       0 |    0 |    9 |      0 |      0 |    0 |          0 |
|     payloadShifter_13 |     payload_shifter_29 |         84 |         84 |       0 |    0 |    9 |      0 |      0 |    0 |          0 |
|     payloadShifter_14 |     payload_shifter_30 |         84 |         84 |       0 |    0 |    9 |      0 |      0 |    0 |          0 |
|     payloadShifter_15 |     payload_shifter_31 |         84 |         84 |       0 |    0 |    9 |      0 |      0 |    0 |          0 |
|     payloadShifter_16 |     payload_shifter_32 |         84 |         84 |       0 |    0 |    9 |      0 |      0 |    0 |          0 |
|     payloadShifter_17 |     payload_shifter_33 |         84 |         84 |       0 |    0 |    9 |      0 |      0 |    0 |          0 |
|     payloadShifter_18 |     payload_shifter_34 |         84 |         84 |       0 |    0 |    9 |      0 |      0 |    0 |          0 |
|     payloadShifter_19 |     payload_shifter_35 |         84 |         84 |       0 |    0 |    9 |      0 |      0 |    0 |          0 |
|     payloadShifter_2  |     payload_shifter_36 |         84 |         84 |       0 |    0 |    9 |      0 |      0 |    0 |          0 |
|     payloadShifter_20 |     payload_shifter_37 |         84 |         84 |       0 |    0 |    9 |      0 |      0 |    0 |          0 |
|     payloadShifter_21 |     payload_shifter_38 |         84 |         84 |       0 |    0 |    9 |      0 |      0 |    0 |          0 |
|     payloadShifter_22 |     payload_shifter_39 |         84 |         84 |       0 |    0 |    9 |      0 |      0 |    0 |          0 |
|     payloadShifter_23 |     payload_shifter_40 |         84 |         84 |       0 |    0 |    9 |      0 |      0 |    0 |          0 |
|     payloadShifter_24 |     payload_shifter_41 |         84 |         84 |       0 |    0 |    9 |      0 |      0 |    0 |          0 |
|     payloadShifter_25 |     payload_shifter_42 |         84 |         84 |       0 |    0 |    9 |      0 |      0 |    0 |          0 |
|     payloadShifter_26 |     payload_shifter_43 |         84 |         84 |       0 |    0 |    9 |      0 |      0 |    0 |          0 |
|     payloadShifter_27 |     payload_shifter_44 |         84 |         84 |       0 |    0 |    9 |      0 |      0 |    0 |          0 |
|     payloadShifter_28 |     payload_shifter_45 |         84 |         84 |       0 |    0 |    9 |      0 |      0 |    0 |          0 |
|     payloadShifter_29 |     payload_shifter_46 |         84 |         84 |       0 |    0 |    9 |      0 |      0 |    0 |          0 |
|     payloadShifter_3  |     payload_shifter_47 |         84 |         84 |       0 |    0 |    9 |      0 |      0 |    0 |          0 |
|     payloadShifter_30 |     payload_shifter_48 |         84 |         84 |       0 |    0 |    9 |      0 |      0 |    0 |          0 |
|     payloadShifter_31 |     payload_shifter_49 |         88 |         88 |       0 |    0 |    9 |      0 |      0 |    0 |          0 |
|     payloadShifter_4  |     payload_shifter_50 |         84 |         84 |       0 |    0 |    9 |      0 |      0 |    0 |          0 |
|     payloadShifter_5  |     payload_shifter_51 |         84 |         84 |       0 |    0 |    9 |      0 |      0 |    0 |          0 |
|     payloadShifter_6  |     payload_shifter_52 |         84 |         84 |       0 |    0 |    9 |      0 |      0 |    0 |          0 |
|     payloadShifter_7  |     payload_shifter_53 |         84 |         84 |       0 |    0 |    9 |      0 |      0 |    0 |          0 |
|     payloadShifter_8  |     payload_shifter_54 |         84 |         84 |       0 |    0 |    9 |      0 |      0 |    0 |          0 |
|     payloadShifter_9  |     payload_shifter_55 |         84 |         84 |       0 |    0 |    9 |      0 |      0 |    0 |          0 |
|     stM_0             |        state_machine_0 |         87 |         87 |       0 |    0 |   13 |      0 |      0 |    0 |          0 |
|     stM_1             |        state_machine_1 |         92 |         92 |       0 |    0 |   13 |      0 |      0 |    0 |          0 |
|     stM_10            |       state_machine_10 |         60 |         60 |       0 |    0 |   12 |      0 |      0 |    0 |          0 |
|     stM_11            |       state_machine_11 |         60 |         60 |       0 |    0 |   12 |      0 |      0 |    0 |          0 |
|     stM_12            |       state_machine_12 |         56 |         56 |       0 |    0 |   12 |      0 |      0 |    0 |          0 |
|     stM_13            |       state_machine_13 |         55 |         55 |       0 |    0 |   12 |      0 |      0 |    0 |          0 |
|     stM_14            |       state_machine_14 |         73 |         73 |       0 |    0 |   11 |      0 |      0 |    0 |          0 |
|     stM_15            |       state_machine_15 |         73 |         73 |       0 |    0 |   11 |      0 |      0 |    0 |          0 |
|     stM_16            |       state_machine_16 |         74 |         74 |       0 |    0 |   11 |      0 |      0 |    0 |          0 |
|     stM_17            |       state_machine_17 |         77 |         77 |       0 |    0 |   11 |      0 |      0 |    0 |          0 |
|     stM_18            |       state_machine_18 |         45 |         45 |       0 |    0 |   11 |      0 |      0 |    0 |          0 |
|     stM_19            |       state_machine_19 |         45 |         45 |       0 |    0 |   11 |      0 |      0 |    0 |          0 |
|     stM_2             |        state_machine_2 |        101 |        101 |       0 |    0 |   13 |      0 |      0 |    0 |          0 |
|     stM_20            |       state_machine_20 |         45 |         45 |       0 |    0 |   11 |      0 |      0 |    0 |          0 |
|     stM_21            |       state_machine_21 |         48 |         48 |       0 |    0 |   11 |      0 |      0 |    0 |          0 |
|     stM_22            |       state_machine_22 |         50 |         50 |       0 |    0 |   11 |      0 |      0 |    0 |          0 |
|     stM_23            |       state_machine_23 |         47 |         47 |       0 |    0 |   11 |      0 |      0 |    0 |          0 |
|     stM_24            |       state_machine_24 |         48 |         48 |       0 |    0 |   11 |      0 |      0 |    0 |          0 |
|     stM_25            |       state_machine_25 |         48 |         48 |       0 |    0 |   11 |      0 |      0 |    0 |          0 |
|     stM_26            |       state_machine_26 |         23 |         23 |       0 |    0 |    9 |      0 |      0 |    0 |          0 |
|     stM_27            |       state_machine_27 |         23 |         23 |       0 |    0 |    9 |      0 |      0 |    0 |          0 |
|     stM_28            |       state_machine_28 |         24 |         24 |       0 |    0 |    9 |      0 |      0 |    0 |          0 |
|     stM_29            |       state_machine_29 |         24 |         24 |       0 |    0 |    9 |      0 |      0 |    0 |          0 |
|     stM_3             |        state_machine_3 |        105 |        105 |       0 |    0 |   13 |      0 |      0 |    0 |          0 |
|     stM_30            |       state_machine_30 |         17 |         17 |       0 |    0 |    9 |      0 |      0 |    0 |          0 |
|     stM_31            |       state_machine_31 |         17 |         17 |       0 |    0 |    9 |      0 |      0 |    0 |          0 |
|     stM_4             |        state_machine_4 |         41 |         41 |       0 |    0 |   12 |      0 |      0 |    0 |          0 |
|     stM_5             |        state_machine_5 |         52 |         52 |       0 |    0 |   12 |      0 |      0 |    0 |          0 |
|     stM_6             |        state_machine_6 |        102 |        102 |       0 |    0 |   13 |      0 |      0 |    0 |          0 |
|     stM_7             |        state_machine_7 |         97 |         97 |       0 |    0 |   13 |      0 |      0 |    0 |          0 |
|     stM_8             |        state_machine_8 |         59 |         59 |       0 |    0 |   12 |      0 |      0 |    0 |          0 |
|     stM_9             |        state_machine_9 |         62 |         62 |       0 |    0 |   12 |      0 |      0 |    0 |          0 |
|   eth_10G_i           |                eth_10G |          0 |          0 |       0 |    0 |    0 |      0 |      0 |    0 |          0 |
+-----------------------+------------------------+------------+------------+---------+------+------+--------+--------+------+------------+


