Copyright 1986-2020 Xilinx, Inc. All Rights Reserved.
-----------------------------------------------------------------------------------------------------------------------------------------------------------------------
| Tool Version : Vivado v.2020.2 (lin64) Build 3064766 Wed Nov 18 09:12:47 MST 2020
| Date         : Thu Oct  7 11:18:51 2021
| Host         : pcpl01 running 64-bit Scientific Linux release 7.9 (Nitrogen)
| Command      : report_utilization -hierarchical -file /export/tmp/luinaud/P4CompilerOptimizationTest/vivado_result/bus_256/not_optimized/T0/post_synth_util_hier.rpt
| Design       : top
| Device       : xcvu3pffvc1517-3
| Design State : Synthesized
-----------------------------------------------------------------------------------------------------------------------------------------------------------------------

Utilization Design Information

Table of Contents
-----------------
1. Utilization by Hierarchy

1. Utilization by Hierarchy
---------------------------

+-----------------------+------------------------+------------+------------+---------+------+------+--------+--------+------+------------+
|        Instance       |         Module         | Total LUTs | Logic LUTs | LUTRAMs | SRLs |  FFs | RAMB36 | RAMB18 | URAM | DSP Blocks |
+-----------------------+------------------------+------------+------------+---------+------+------+--------+--------+------+------------+
| top                   |                  (top) |       2224 |       2224 |       0 |    0 | 2195 |      0 |      0 |    0 |          0 |
|   (top)               |                  (top) |        458 |        458 |       0 |    0 |  798 |      0 |      0 |    0 |          0 |
|   dep                 |             MyDeparser |       1766 |       1766 |       0 |    0 | 1397 |      0 |      0 |    0 |          0 |
|     (dep)             |             MyDeparser |        296 |        296 |       0 |    0 |  913 |      0 |      0 |    0 |          0 |
|     mux_0             |                    mux |         32 |         32 |       0 |    0 |    0 |      0 |      0 |    0 |          0 |
|     mux_1             |                  mux_0 |         32 |         32 |       0 |    0 |    0 |      0 |      0 |    0 |          0 |
|     mux_10            |    mux__parameterized1 |         16 |         16 |       0 |    0 |    0 |      0 |      0 |    0 |          0 |
|     mux_11            |  mux__parameterized1_1 |         16 |         16 |       0 |    0 |    0 |      0 |      0 |    0 |          0 |
|     mux_12            |    mux__parameterized2 |         16 |         16 |       0 |    0 |    0 |      0 |      0 |    0 |          0 |
|     mux_13            |  mux__parameterized2_2 |         16 |         16 |       0 |    0 |    0 |      0 |      0 |    0 |          0 |
|     mux_14            |    mux__parameterized0 |         16 |         16 |       0 |    0 |    0 |      0 |      0 |    0 |          0 |
|     mux_15            |  mux__parameterized0_3 |         16 |         16 |       0 |    0 |    0 |      0 |      0 |    0 |          0 |
|     mux_16            |  mux__parameterized0_4 |         16 |         16 |       0 |    0 |    0 |      0 |      0 |    0 |          0 |
|     mux_17            |  mux__parameterized0_5 |         16 |         16 |       0 |    0 |    0 |      0 |      0 |    0 |          0 |
|     mux_18            |                  mux_6 |          8 |          8 |       0 |    0 |    0 |      0 |      0 |    0 |          0 |
|     mux_19            |                  mux_7 |          8 |          8 |       0 |    0 |    0 |      0 |      0 |    0 |          0 |
|     mux_2             |  mux__parameterized0_8 |         26 |         26 |       0 |    0 |    0 |      0 |      0 |    0 |          0 |
|     mux_20            |  mux__parameterized0_9 |          8 |          8 |       0 |    0 |    0 |      0 |      0 |    0 |          0 |
|     mux_21            | mux__parameterized0_10 |          8 |          8 |       0 |    0 |    0 |      0 |      0 |    0 |          0 |
|     mux_22            | mux__parameterized1_11 |          8 |          8 |       0 |    0 |    0 |      0 |      0 |    0 |          0 |
|     mux_23            | mux__parameterized1_12 |          8 |          8 |       0 |    0 |    0 |      0 |      0 |    0 |          0 |
|     mux_24            | mux__parameterized2_13 |          8 |          8 |       0 |    0 |    0 |      0 |      0 |    0 |          0 |
|     mux_25            | mux__parameterized2_14 |          8 |          8 |       0 |    0 |    0 |      0 |      0 |    0 |          0 |
|     mux_26            |    mux__parameterized3 |          8 |          8 |       0 |    0 |    0 |      0 |      0 |    0 |          0 |
|     mux_27            | mux__parameterized3_15 |          8 |          8 |       0 |    0 |    0 |      0 |      0 |    0 |          0 |
|     mux_28            | mux__parameterized3_16 |          8 |          8 |       0 |    0 |    0 |      0 |      0 |    0 |          0 |
|     mux_29            | mux__parameterized3_17 |          8 |          8 |       0 |    0 |    0 |      0 |      0 |    0 |          0 |
|     mux_3             | mux__parameterized0_18 |         26 |         26 |       0 |    0 |    0 |      0 |      0 |    0 |          0 |
|     mux_30            | mux__parameterized3_19 |          8 |          8 |       0 |    0 |    0 |      0 |      0 |    0 |          0 |
|     mux_31            | mux__parameterized3_20 |          8 |          8 |       0 |    0 |    0 |      0 |      0 |    0 |          0 |
|     mux_4             |                 mux_21 |         16 |         16 |       0 |    0 |    0 |      0 |      0 |    0 |          0 |
|     mux_5             |                 mux_22 |         16 |         16 |       0 |    0 |    0 |      0 |      0 |    0 |          0 |
|     mux_6             | mux__parameterized0_23 |         16 |         16 |       0 |    0 |    0 |      0 |      0 |    0 |          0 |
|     mux_7             | mux__parameterized0_24 |         16 |         16 |       0 |    0 |    0 |      0 |      0 |    0 |          0 |
|     mux_8             | mux__parameterized1_25 |         16 |         16 |       0 |    0 |    0 |      0 |      0 |    0 |          0 |
|     mux_9             | mux__parameterized1_26 |         16 |         16 |       0 |    0 |    0 |      0 |      0 |    0 |          0 |
|     payloadShifter_0  |        payload_shifter |         18 |         18 |       0 |    0 |    9 |      0 |      0 |    0 |          0 |
|     payloadShifter_1  |     payload_shifter_27 |         18 |         18 |       0 |    0 |    9 |      0 |      0 |    0 |          0 |
|     payloadShifter_10 |     payload_shifter_28 |         50 |         50 |       0 |    0 |    9 |      0 |      0 |    0 |          0 |
|     payloadShifter_11 |     payload_shifter_29 |         50 |         50 |       0 |    0 |    9 |      0 |      0 |    0 |          0 |
|     payloadShifter_12 |     payload_shifter_30 |         52 |         52 |       0 |    0 |    9 |      0 |      0 |    0 |          0 |
|     payloadShifter_13 |     payload_shifter_31 |         52 |         52 |       0 |    0 |    9 |      0 |      0 |    0 |          0 |
|     payloadShifter_14 |     payload_shifter_32 |         52 |         52 |       0 |    0 |    9 |      0 |      0 |    0 |          0 |
|     payloadShifter_15 |     payload_shifter_33 |         52 |         52 |       0 |    0 |    9 |      0 |      0 |    0 |          0 |
|     payloadShifter_16 |     payload_shifter_34 |         18 |         18 |       0 |    0 |    9 |      0 |      0 |    0 |          0 |
|     payloadShifter_17 |     payload_shifter_35 |         18 |         18 |       0 |    0 |    9 |      0 |      0 |    0 |          0 |
|     payloadShifter_18 |     payload_shifter_36 |         18 |         18 |       0 |    0 |    9 |      0 |      0 |    0 |          0 |
|     payloadShifter_19 |     payload_shifter_37 |         18 |         18 |       0 |    0 |    9 |      0 |      0 |    0 |          0 |
|     payloadShifter_2  |     payload_shifter_38 |         18 |         18 |       0 |    0 |    9 |      0 |      0 |    0 |          0 |
|     payloadShifter_20 |     payload_shifter_39 |         18 |         18 |       0 |    0 |    9 |      0 |      0 |    0 |          0 |
|     payloadShifter_21 |     payload_shifter_40 |         18 |         18 |       0 |    0 |    9 |      0 |      0 |    0 |          0 |
|     payloadShifter_22 |     payload_shifter_41 |         18 |         18 |       0 |    0 |    9 |      0 |      0 |    0 |          0 |
|     payloadShifter_23 |     payload_shifter_42 |         18 |         18 |       0 |    0 |    9 |      0 |      0 |    0 |          0 |
|     payloadShifter_24 |     payload_shifter_43 |         50 |         50 |       0 |    0 |    9 |      0 |      0 |    0 |          0 |
|     payloadShifter_25 |     payload_shifter_44 |         50 |         50 |       0 |    0 |    9 |      0 |      0 |    0 |          0 |
|     payloadShifter_3  |     payload_shifter_45 |         18 |         18 |       0 |    0 |    9 |      0 |      0 |    0 |          0 |
|     payloadShifter_4  |     payload_shifter_46 |         18 |         18 |       0 |    0 |    9 |      0 |      0 |    0 |          0 |
|     payloadShifter_5  |     payload_shifter_47 |         18 |         18 |       0 |    0 |    9 |      0 |      0 |    0 |          0 |
|     payloadShifter_6  |     payload_shifter_48 |         18 |         18 |       0 |    0 |    9 |      0 |      0 |    0 |          0 |
|     payloadShifter_7  |     payload_shifter_49 |         18 |         18 |       0 |    0 |    9 |      0 |      0 |    0 |          0 |
|     payloadShifter_8  |     payload_shifter_50 |         18 |         18 |       0 |    0 |    9 |      0 |      0 |    0 |          0 |
|     payloadShifter_9  |     payload_shifter_51 |         18 |         18 |       0 |    0 |    9 |      0 |      0 |    0 |          0 |
|     stM_0             |        state_machine_0 |         16 |         16 |       0 |    0 |    9 |      0 |      0 |    0 |          0 |
|     stM_1             |        state_machine_1 |         16 |         16 |       0 |    0 |    9 |      0 |      0 |    0 |          0 |
|     stM_10            |       state_machine_10 |         10 |         10 |       0 |    0 |    7 |      0 |      0 |    0 |          0 |
|     stM_11            |       state_machine_11 |          9 |          9 |       0 |    0 |    7 |      0 |      0 |    0 |          0 |
|     stM_12            |       state_machine_12 |          9 |          9 |       0 |    0 |   10 |      0 |      0 |    0 |          0 |
|     stM_13            |       state_machine_13 |          9 |          9 |       0 |    0 |   10 |      0 |      0 |    0 |          0 |
|     stM_14            |       state_machine_14 |          9 |          9 |       0 |    0 |    7 |      0 |      0 |    0 |          0 |
|     stM_15            |       state_machine_15 |          9 |          9 |       0 |    0 |    7 |      0 |      0 |    0 |          0 |
|     stM_16            |       state_machine_16 |          9 |          9 |       0 |    0 |    7 |      0 |      0 |    0 |          0 |
|     stM_17            |       state_machine_17 |         10 |         10 |       0 |    0 |    7 |      0 |      0 |    0 |          0 |
|     stM_18            |       state_machine_18 |          6 |          6 |       0 |    0 |    8 |      0 |      0 |    0 |          0 |
|     stM_19            |       state_machine_19 |          6 |          6 |       0 |    0 |    8 |      0 |      0 |    0 |          0 |
|     stM_2             |        state_machine_2 |         17 |         17 |       0 |    0 |    9 |      0 |      0 |    0 |          0 |
|     stM_20            |       state_machine_20 |          8 |          8 |       0 |    0 |    8 |      0 |      0 |    0 |          0 |
|     stM_21            |       state_machine_21 |          6 |          6 |       0 |    0 |    8 |      0 |      0 |    0 |          0 |
|     stM_22            |       state_machine_22 |          8 |          8 |       0 |    0 |    8 |      0 |      0 |    0 |          0 |
|     stM_23            |       state_machine_23 |          6 |          6 |       0 |    0 |    8 |      0 |      0 |    0 |          0 |
|     stM_24            |       state_machine_24 |          6 |          6 |       0 |    0 |    8 |      0 |      0 |    0 |          0 |
|     stM_25            |       state_machine_25 |          6 |          6 |       0 |    0 |    8 |      0 |      0 |    0 |          0 |
|     stM_26            |       state_machine_26 |          5 |          5 |       0 |    0 |    6 |      0 |      0 |    0 |          0 |
|     stM_27            |       state_machine_27 |          5 |          5 |       0 |    0 |    6 |      0 |      0 |    0 |          0 |
|     stM_28            |       state_machine_28 |          6 |          6 |       0 |    0 |    6 |      0 |      0 |    0 |          0 |
|     stM_29            |       state_machine_29 |          6 |          6 |       0 |    0 |    6 |      0 |      0 |    0 |          0 |
|     stM_3             |        state_machine_3 |         16 |         16 |       0 |    0 |    9 |      0 |      0 |    0 |          0 |
|     stM_30            |       state_machine_30 |          5 |          5 |       0 |    0 |    6 |      0 |      0 |    0 |          0 |
|     stM_31            |       state_machine_31 |          5 |          5 |       0 |    0 |    6 |      0 |      0 |    0 |          0 |
|     stM_4             |        state_machine_4 |         15 |         15 |       0 |    0 |   12 |      0 |      0 |    0 |          0 |
|     stM_5             |        state_machine_5 |         13 |         13 |       0 |    0 |   12 |      0 |      0 |    0 |          0 |
|     stM_6             |        state_machine_6 |          9 |          9 |       0 |    0 |    7 |      0 |      0 |    0 |          0 |
|     stM_7             |        state_machine_7 |          9 |          9 |       0 |    0 |    7 |      0 |      0 |    0 |          0 |
|     stM_8             |        state_machine_8 |          8 |          8 |       0 |    0 |    7 |      0 |      0 |    0 |          0 |
|     stM_9             |        state_machine_9 |          9 |          9 |       0 |    0 |    7 |      0 |      0 |    0 |          0 |
|   eth_10G_i           |                eth_10G |          0 |          0 |       0 |    0 |    0 |      0 |      0 |    0 |          0 |
+-----------------------+------------------------+------------+------------+---------+------+------+--------+--------+------+------------+


