Copyright 1986-2020 Xilinx, Inc. All Rights Reserved.
-------------------------------------------------------------------------------------------------------------------------------------------------------------------
| Tool Version : Vivado v.2020.2 (lin64) Build 3064766 Wed Nov 18 09:12:47 MST 2020
| Date         : Thu Oct  7 10:35:18 2021
| Host         : pcpl01 running 64-bit Scientific Linux release 7.9 (Nitrogen)
| Command      : report_utilization -hierarchical -file /export/tmp/luinaud/P4CompilerOptimizationTest/vivado_result/bus_256/optimized/T2/post_synth_util_hier.rpt
| Design       : top
| Device       : xcvu3pffvc1517-3
| Design State : Synthesized
-------------------------------------------------------------------------------------------------------------------------------------------------------------------

Utilization Design Information

Table of Contents
-----------------
1. Utilization by Hierarchy

1. Utilization by Hierarchy
---------------------------

+-----------------------+------------------------+------------+------------+---------+------+------+--------+--------+------+------------+
|        Instance       |         Module         | Total LUTs | Logic LUTs | LUTRAMs | SRLs |  FFs | RAMB36 | RAMB18 | URAM | DSP Blocks |
+-----------------------+------------------------+------------+------------+---------+------+------+--------+--------+------+------------+
| top                   |                  (top) |       1909 |       1909 |       0 |    0 | 2588 |      0 |      0 |    0 |          0 |
|   (top)               |                  (top) |        253 |        253 |       0 |    0 | 1210 |      0 |      0 |    0 |          0 |
|   dep                 |             MyDeparser |       1656 |       1656 |       0 |    0 | 1378 |      0 |      0 |    0 |          0 |
|     (dep)             |             MyDeparser |        206 |        206 |       0 |    0 |  896 |      0 |      0 |    0 |          0 |
|     mux_0             |                    mux |          8 |          8 |       0 |    0 |    0 |      0 |      0 |    0 |          0 |
|     mux_1             |                  mux_0 |          8 |          8 |       0 |    0 |    0 |      0 |      0 |    0 |          0 |
|     mux_10            |    mux__parameterized2 |          8 |          8 |       0 |    0 |    0 |      0 |      0 |    0 |          0 |
|     mux_11            |  mux__parameterized2_1 |          8 |          8 |       0 |    0 |    0 |      0 |      0 |    0 |          0 |
|     mux_12            |  mux__parameterized2_2 |          8 |          8 |       0 |    0 |    0 |      0 |      0 |    0 |          0 |
|     mux_13            |  mux__parameterized2_3 |          8 |          8 |       0 |    0 |    0 |      0 |      0 |    0 |          0 |
|     mux_14            |                  mux_4 |          8 |          8 |       0 |    0 |    0 |      0 |      0 |    0 |          0 |
|     mux_15            |                  mux_5 |          8 |          8 |       0 |    0 |    0 |      0 |      0 |    0 |          0 |
|     mux_16            |                  mux_6 |          8 |          8 |       0 |    0 |    0 |      0 |      0 |    0 |          0 |
|     mux_17            |                  mux_7 |          8 |          8 |       0 |    0 |    0 |      0 |      0 |    0 |          0 |
|     mux_18            |                  mux_8 |          8 |          8 |       0 |    0 |    0 |      0 |      0 |    0 |          0 |
|     mux_19            |                  mux_9 |          8 |          8 |       0 |    0 |    0 |      0 |      0 |    0 |          0 |
|     mux_2             |    mux__parameterized0 |         16 |         16 |       0 |    0 |    0 |      0 |      0 |    0 |          0 |
|     mux_20            |                 mux_10 |          8 |          8 |       0 |    0 |    0 |      0 |      0 |    0 |          0 |
|     mux_21            |                 mux_11 |          8 |          8 |       0 |    0 |    0 |      0 |      0 |    0 |          0 |
|     mux_22            |    mux__parameterized1 |         16 |         16 |       0 |    0 |    0 |      0 |      0 |    0 |          0 |
|     mux_23            | mux__parameterized1_12 |         16 |         16 |       0 |    0 |    0 |      0 |      0 |    0 |          0 |
|     mux_24            | mux__parameterized1_13 |         16 |         16 |       0 |    0 |    0 |      0 |      0 |    0 |          0 |
|     mux_25            | mux__parameterized1_14 |         16 |         16 |       0 |    0 |    0 |      0 |      0 |    0 |          0 |
|     mux_26            |                 mux_15 |          8 |          8 |       0 |    0 |    0 |      0 |      0 |    0 |          0 |
|     mux_27            |                 mux_16 |          8 |          8 |       0 |    0 |    0 |      0 |      0 |    0 |          0 |
|     mux_28            |                 mux_17 |          8 |          8 |       0 |    0 |    0 |      0 |      0 |    0 |          0 |
|     mux_29            |                 mux_18 |          8 |          8 |       0 |    0 |    0 |      0 |      0 |    0 |          0 |
|     mux_3             | mux__parameterized0_19 |         16 |         16 |       0 |    0 |    0 |      0 |      0 |    0 |          0 |
|     mux_30            | mux__parameterized2_20 |          8 |          8 |       0 |    0 |    0 |      0 |      0 |    0 |          0 |
|     mux_31            | mux__parameterized2_21 |          8 |          8 |       0 |    0 |    0 |      0 |      0 |    0 |          0 |
|     mux_4             | mux__parameterized0_22 |         16 |         16 |       0 |    0 |    0 |      0 |      0 |    0 |          0 |
|     mux_5             | mux__parameterized0_23 |         16 |         16 |       0 |    0 |    0 |      0 |      0 |    0 |          0 |
|     mux_6             | mux__parameterized1_24 |         16 |         16 |       0 |    0 |    0 |      0 |      0 |    0 |          0 |
|     mux_7             | mux__parameterized1_25 |         16 |         16 |       0 |    0 |    0 |      0 |      0 |    0 |          0 |
|     mux_8             | mux__parameterized1_26 |         16 |         16 |       0 |    0 |    0 |      0 |      0 |    0 |          0 |
|     mux_9             | mux__parameterized1_27 |         16 |         16 |       0 |    0 |    0 |      0 |      0 |    0 |          0 |
|     payloadShifter_0  |        payload_shifter |         51 |         51 |       0 |    0 |    9 |      0 |      0 |    0 |          0 |
|     payloadShifter_1  |     payload_shifter_28 |         36 |         36 |       0 |    0 |    9 |      0 |      0 |    0 |          0 |
|     payloadShifter_10 |     payload_shifter_29 |         18 |         18 |       0 |    0 |    9 |      0 |      0 |    0 |          0 |
|     payloadShifter_11 |     payload_shifter_30 |         18 |         18 |       0 |    0 |    9 |      0 |      0 |    0 |          0 |
|     payloadShifter_12 |     payload_shifter_31 |         18 |         18 |       0 |    0 |    9 |      0 |      0 |    0 |          0 |
|     payloadShifter_13 |     payload_shifter_32 |         18 |         18 |       0 |    0 |    9 |      0 |      0 |    0 |          0 |
|     payloadShifter_14 |     payload_shifter_33 |         18 |         18 |       0 |    0 |    9 |      0 |      0 |    0 |          0 |
|     payloadShifter_15 |     payload_shifter_34 |         52 |         52 |       0 |    0 |    9 |      0 |      0 |    0 |          0 |
|     payloadShifter_16 |     payload_shifter_35 |         20 |         20 |       0 |    0 |    9 |      0 |      0 |    0 |          0 |
|     payloadShifter_17 |     payload_shifter_36 |         20 |         20 |       0 |    0 |    9 |      0 |      0 |    0 |          0 |
|     payloadShifter_18 |     payload_shifter_37 |         34 |         34 |       0 |    0 |    9 |      0 |      0 |    0 |          0 |
|     payloadShifter_19 |     payload_shifter_38 |         18 |         18 |       0 |    0 |    9 |      0 |      0 |    0 |          0 |
|     payloadShifter_2  |     payload_shifter_39 |         18 |         18 |       0 |    0 |    9 |      0 |      0 |    0 |          0 |
|     payloadShifter_20 |     payload_shifter_40 |         18 |         18 |       0 |    0 |    9 |      0 |      0 |    0 |          0 |
|     payloadShifter_21 |     payload_shifter_41 |         18 |         18 |       0 |    0 |    9 |      0 |      0 |    0 |          0 |
|     payloadShifter_22 |     payload_shifter_42 |         34 |         34 |       0 |    0 |    9 |      0 |      0 |    0 |          0 |
|     payloadShifter_23 |     payload_shifter_43 |         18 |         18 |       0 |    0 |    9 |      0 |      0 |    0 |          0 |
|     payloadShifter_24 |     payload_shifter_44 |         50 |         50 |       0 |    0 |    9 |      0 |      0 |    0 |          0 |
|     payloadShifter_25 |     payload_shifter_45 |         50 |         50 |       0 |    0 |    9 |      0 |      0 |    0 |          0 |
|     payloadShifter_26 |     payload_shifter_46 |         34 |         34 |       0 |    0 |    9 |      0 |      0 |    0 |          0 |
|     payloadShifter_27 |     payload_shifter_47 |         50 |         50 |       0 |    0 |    9 |      0 |      0 |    0 |          0 |
|     payloadShifter_28 |     payload_shifter_48 |         51 |         51 |       0 |    0 |    9 |      0 |      0 |    0 |          0 |
|     payloadShifter_29 |     payload_shifter_49 |         51 |         51 |       0 |    0 |    9 |      0 |      0 |    0 |          0 |
|     payloadShifter_3  |     payload_shifter_50 |         18 |         18 |       0 |    0 |    9 |      0 |      0 |    0 |          0 |
|     payloadShifter_4  |     payload_shifter_51 |         18 |         18 |       0 |    0 |    9 |      0 |      0 |    0 |          0 |
|     payloadShifter_5  |     payload_shifter_52 |         18 |         18 |       0 |    0 |    9 |      0 |      0 |    0 |          0 |
|     payloadShifter_6  |     payload_shifter_53 |         18 |         18 |       0 |    0 |    9 |      0 |      0 |    0 |          0 |
|     payloadShifter_7  |     payload_shifter_54 |         18 |         18 |       0 |    0 |    9 |      0 |      0 |    0 |          0 |
|     payloadShifter_8  |     payload_shifter_55 |         18 |         18 |       0 |    0 |    9 |      0 |      0 |    0 |          0 |
|     payloadShifter_9  |     payload_shifter_56 |         18 |         18 |       0 |    0 |    9 |      0 |      0 |    0 |          0 |
|     stM_0             |        state_machine_0 |          8 |          8 |       0 |    0 |    6 |      0 |      0 |    0 |          0 |
|     stM_1             |        state_machine_1 |          7 |          7 |       0 |    0 |    6 |      0 |      0 |    0 |          0 |
|     stM_10            |       state_machine_10 |          7 |          7 |       0 |    0 |    8 |      0 |      0 |    0 |          0 |
|     stM_11            |       state_machine_11 |          5 |          5 |       0 |    0 |    8 |      0 |      0 |    0 |          0 |
|     stM_12            |       state_machine_12 |          5 |          5 |       0 |    0 |    8 |      0 |      0 |    0 |          0 |
|     stM_13            |       state_machine_13 |          6 |          6 |       0 |    0 |    8 |      0 |      0 |    0 |          0 |
|     stM_14            |       state_machine_14 |          8 |          8 |       0 |    0 |    6 |      0 |      0 |    0 |          0 |
|     stM_15            |       state_machine_15 |          7 |          7 |       0 |    0 |    6 |      0 |      0 |    0 |          0 |
|     stM_16            |       state_machine_16 |          9 |          9 |       0 |    0 |    6 |      0 |      0 |    0 |          0 |
|     stM_17            |       state_machine_17 |          7 |          7 |       0 |    0 |    6 |      0 |      0 |    0 |          0 |
|     stM_18            |       state_machine_18 |          8 |          8 |       0 |    0 |    6 |      0 |      0 |    0 |          0 |
|     stM_19            |       state_machine_19 |          7 |          7 |       0 |    0 |    6 |      0 |      0 |    0 |          0 |
|     stM_2             |        state_machine_2 |          9 |          9 |       0 |    0 |    7 |      0 |      0 |    0 |          0 |
|     stM_20            |       state_machine_20 |          8 |          8 |       0 |    0 |    6 |      0 |      0 |    0 |          0 |
|     stM_21            |       state_machine_21 |          7 |          7 |       0 |    0 |    6 |      0 |      0 |    0 |          0 |
|     stM_22            |       state_machine_22 |         12 |         12 |       0 |    0 |    7 |      0 |      0 |    0 |          0 |
|     stM_23            |       state_machine_23 |          8 |          8 |       0 |    0 |    7 |      0 |      0 |    0 |          0 |
|     stM_24            |       state_machine_24 |         11 |         11 |       0 |    0 |    7 |      0 |      0 |    0 |          0 |
|     stM_25            |       state_machine_25 |         10 |         10 |       0 |    0 |    7 |      0 |      0 |    0 |          0 |
|     stM_26            |       state_machine_26 |          8 |          8 |       0 |    0 |    6 |      0 |      0 |    0 |          0 |
|     stM_27            |       state_machine_27 |          7 |          7 |       0 |    0 |    6 |      0 |      0 |    0 |          0 |
|     stM_28            |       state_machine_28 |          9 |          9 |       0 |    0 |    6 |      0 |      0 |    0 |          0 |
|     stM_29            |       state_machine_29 |          8 |          8 |       0 |    0 |    6 |      0 |      0 |    0 |          0 |
|     stM_3             |        state_machine_3 |          8 |          8 |       0 |    0 |    7 |      0 |      0 |    0 |          0 |
|     stM_30            |       state_machine_30 |          8 |          8 |       0 |    0 |    6 |      0 |      0 |    0 |          0 |
|     stM_31            |       state_machine_31 |          9 |          9 |       0 |    0 |    6 |      0 |      0 |    0 |          0 |
|     stM_4             |        state_machine_4 |         10 |         10 |       0 |    0 |    7 |      0 |      0 |    0 |          0 |
|     stM_5             |        state_machine_5 |          9 |          9 |       0 |    0 |    7 |      0 |      0 |    0 |          0 |
|     stM_6             |        state_machine_6 |          9 |          9 |       0 |    0 |    7 |      0 |      0 |    0 |          0 |
|     stM_7             |        state_machine_7 |          8 |          8 |       0 |    0 |    7 |      0 |      0 |    0 |          0 |
|     stM_8             |        state_machine_8 |          9 |          9 |       0 |    0 |    7 |      0 |      0 |    0 |          0 |
|     stM_9             |        state_machine_9 |          8 |          8 |       0 |    0 |    7 |      0 |      0 |    0 |          0 |
|   eth_10G_i           |                eth_10G |          0 |          0 |       0 |    0 |    0 |      0 |      0 |    0 |          0 |
+-----------------------+------------------------+------------+------------+---------+------+------+--------+--------+------+------------+


